{
  "RSpec": {
    "coverage": {
      "/Users/joshhemser/Makers/Projects/Collaborator/Marvin_Oystercard/spec/journey_spec.rb": [
        null,
        null,
        1,
        null,
        1,
        5,
        1,
        12,
        null,
        null,
        1,
        1,
        null,
        1,
        1,
        null,
        null,
        1,
        1,
        2,
        null,
        null,
        1,
        1,
        1,
        null,
        null,
        1,
        1,
        1,
        1,
        null,
        null,
        null,
        1,
        null,
        1,
        null,
        1,
        null,
        null,
        1,
        1,
        null,
        1,
        1,
        1,
        1,
        1,
        1,
        null,
        null,
        1,
        1,
        1,
        null,
        null,
        1,
        1,
        1,
        2,
        null,
        null,
        null,
        null,
        null,
        null,
        null,
        null,
        null,
        1,
        1,
        1,
        1,
        null,
        null,
        1,
        1,
        1,
        1,
        null,
        null,
        1,
        1,
        1,
        1,
        null,
        null,
        1,
        1,
        1,
        null,
        null,
        null
      ],
      "/Users/joshhemser/Makers/Projects/Collaborator/Marvin_Oystercard/lib/journey.rb": [
        null,
        null,
        null,
        null,
        1,
        1,
        1,
        1,
        null,
        1,
        17,
        17,
        17,
        17,
        17,
        null,
        null,
        1,
        13,
        12,
        12,
        12,
        null,
        null,
        1,
        7,
        null,
        6,
        6,
        6,
        6,
        null,
        null,
        null,
        1,
        2,
        1,
        null,
        1,
        null,
        null,
        null,
        null,
        null
      ],
      "/Users/joshhemser/Makers/Projects/Collaborator/Marvin_Oystercard/spec/oystercard_spec.rb": [
        1,
        null,
        1,
        null,
        3,
        1,
        1,
        null,
        1,
        1,
        null,
        null,
        1,
        1,
        4,
        null,
        null,
        1,
        4,
        null,
        null,
        1,
        1,
        2,
        null,
        null,
        1,
        1,
        null,
        null,
        null,
        null,
        null,
        null,
        null,
        null,
        null,
        null,
        1,
        1,
        1,
        1,
        null,
        null,
        1,
        2,
        null,
        null,
        null,
        1,
        1,
        1,
        1,
        1,
        1,
        null,
        null,
        1,
        1,
        1,
        4,
        null,
        null,
        null,
        null,
        null,
        null,
        null,
        null,
        null,
        null,
        null,
        null,
        null,
        null,
        null,
        1,
        1,
        3,
        3,
        null,
        1,
        1,
        1,
        null,
        null,
        1,
        1,
        1,
        null,
        null
      ],
      "/Users/joshhemser/Makers/Projects/Collaborator/Marvin_Oystercard/lib/oystercard.rb": [
        null,
        null,
        1,
        null,
        1,
        1,
        null,
        1,
        2,
        2,
        null,
        null,
        null,
        1,
        1,
        1,
        1,
        1,
        null,
        1,
        null,
        1,
        9,
        9,
        9,
        9,
        9,
        9,
        9,
        null,
        null,
        1,
        8,
        null,
        7,
        7,
        7,
        null,
        null,
        1,
        4,
        4,
        null,
        null,
        1,
        2,
        2,
        2,
        null,
        null,
        null,
        1,
        null,
        1,
        2,
        null,
        null,
        null,
        null,
        null,
        null,
        null,
        null,
        null,
        null,
        null,
        1
      ]
    },
    "timestamp": 1562337908
  }
}
